<?xml version="1.0" encoding="UTF-8"?>
<!-- Generated by org.testng.reporters.JUnitReportReporter -->
<testsuite hostname="DESKTOP-DJ4FDME" failures="0" tests="1" name="org.wipro.fedexcouw.testcases.SignupScenario" time="5.254" errors="0" timestamp="2024-08-13T22:01:36 IST" skipped="0">
  <testcase classname="org.wipro.fedexcouw.testcases.SignupScenario" name="tc002_signupfunctionality" time="5.254"/>
</testsuite> <!-- org.wipro.fedexcouw.testcases.SignupScenario -->
