<?xml version="1.0" encoding="UTF-8"?>
<!-- Generated by org.testng.reporters.JUnitReportReporter -->
<testsuite hostname="DESKTOP-DJ4FDME" failures="0" tests="2" name="testNGDemo.FirstTestScenario2" time="0.002" errors="0" timestamp="2024-07-29T21:49:45 IST" skipped="1">
  <testcase classname="testNGDemo.FirstTestScenario2" name="sixth_testcase" time="0.002"/>
  <testcase classname="testNGDemo.FirstTestScenario2" name="second_testcase">
    <skipped/>
  </testcase> <!-- second_testcase -->
</testsuite> <!-- testNGDemo.FirstTestScenario2 -->
