<?xml version="1.0" encoding="UTF-8"?>
<!-- Generated by org.testng.reporters.JUnitReportReporter -->
<testsuite hostname="DESKTOP-DJ4FDME" failures="0" tests="1" name="org.xyz.auto.prj.BrowserControl" time="18.619" errors="0" timestamp="2024-08-01T21:47:34 IST" skipped="0">
  <testcase classname="org.xyz.auto.prj.BrowserControl" name="controlsbrowser" time="18.619"/>
</testsuite> <!-- org.xyz.auto.prj.BrowserControl -->
