<?xml version="1.0" encoding="UTF-8"?>
<!-- Generated by org.testng.reporters.JUnitReportReporter -->
<testsuite hostname="DESKTOP-DJ4FDME" failures="0" tests="3" name="org.xyz.auto.prj.FirstAutomation" time="7.854" errors="0" timestamp="2024-08-06T22:14:50 IST" skipped="2">
  <testcase classname="org.xyz.auto.prj.FirstAutomation" name="tw_project" time="7.854"/>
  <testcase classname="org.xyz.auto.prj.FirstAutomation" name="validate_loginFunction">
    <skipped/>
  </testcase> <!-- validate_loginFunction -->
  <testcase classname="org.xyz.auto.prj.FirstAutomation" name="validate_signupFunction">
    <skipped/>
  </testcase> <!-- validate_signupFunction -->
</testsuite> <!-- org.xyz.auto.prj.FirstAutomation -->
