<?xml version="1.0" encoding="UTF-8"?>
<!-- Generated by org.testng.reporters.JUnitReportReporter -->
<testsuite hostname="DESKTOP-DJ4FDME" failures="0" tests="1" name="testNGDemo.FirstTestScenario6" time="0.002" errors="0" timestamp="2024-07-29T21:49:45 IST" skipped="0">
  <testcase classname="testNGDemo.FirstTestScenario6" name="second_testcase" time="0.002"/>
</testsuite> <!-- testNGDemo.FirstTestScenario6 -->
