<?xml version="1.0" encoding="UTF-8"?>
<!-- Generated by org.testng.reporters.JUnitReportReporter -->
<testsuite hostname="DESKTOP-DJ4FDME" failures="0" tests="1" name="testNGDemo.FirstTestScenario11" time="0.020" errors="0" timestamp="2024-07-29T21:49:45 IST" skipped="0">
  <testcase classname="testNGDemo.FirstTestScenario11" name="forth_testcase" time="0.020"/>
</testsuite> <!-- testNGDemo.FirstTestScenario11 -->
