<?xml version="1.0" encoding="UTF-8"?>
<!-- Generated by org.testng.reporters.JUnitReportReporter -->
<testsuite hostname="DESKTOP-DJ4FDME" failures="0" tests="6" name="testNGDemo.FirstTestScenario4" time="0.012" errors="0" timestamp="2024-07-26T22:10:53 IST" skipped="0">
  <testcase classname="testNGDemo.FirstTestScenario4" name="fifth_testcase" time="0.002"/>
  <testcase classname="testNGDemo.FirstTestScenario4" name="third_testcase" time="0.001"/>
  <testcase classname="testNGDemo.FirstTestScenario4" name="second_testcase" time="0.002"/>
  <testcase classname="testNGDemo.FirstTestScenario4" name="first_testcase" time="0.003"/>
  <testcase classname="testNGDemo.FirstTestScenario4" name="sixth_testcase" time="0.002"/>
  <testcase classname="testNGDemo.FirstTestScenario4" name="forth_testcase" time="0.002"/>
</testsuite> <!-- testNGDemo.FirstTestScenario4 -->
