<?xml version="1.0" encoding="UTF-8"?>
<!-- Generated by org.testng.reporters.JUnitReportReporter -->
<testsuite hostname="DESKTOP-DJ4FDME" failures="0" tests="4" name="org.xyz.auto.prj.KeyboardMouse" time="21.568" errors="0" timestamp="2024-08-09T21:43:00 IST" skipped="2">
  <testcase classname="org.xyz.auto.prj.KeyboardMouse" name="handleFrames" time="16.711"/>
  <testcase classname="org.xyz.auto.prj.KeyboardMouse" name="handleAlerts" time="4.857"/>
  <testcase classname="org.xyz.auto.prj.KeyboardMouse" name="handleKeyboard">
    <skipped/>
  </testcase> <!-- handleKeyboard -->
  <testcase classname="org.xyz.auto.prj.KeyboardMouse" name="handlemouse">
    <skipped/>
  </testcase> <!-- handlemouse -->
</testsuite> <!-- org.xyz.auto.prj.KeyboardMouse -->
