<?xml version="1.0" encoding="UTF-8"?>
<!-- Generated by org.testng.reporters.JUnitReportReporter -->
<testsuite hostname="DESKTOP-DJ4FDME" failures="0" tests="3" name="org.wipro.fedexcouw.testcases.LoginScenario" time="22.779" errors="0" timestamp="2024-08-13T22:13:30 IST" skipped="0">
  <testcase classname="org.wipro.fedexcouw.testcases.LoginScenario" name="tc001_loginfunctionality" time="14.522"/>
  <testcase classname="org.wipro.fedexcouw.testcases.LoginScenario" name="tc001_loginfunctionality" time="3.978"/>
  <testcase classname="org.wipro.fedexcouw.testcases.LoginScenario" name="tc001_loginfunctionality" time="4.279"/>
</testsuite> <!-- org.wipro.fedexcouw.testcases.LoginScenario -->
