<?xml version="1.0" encoding="UTF-8"?>
<!-- Generated by org.testng.reporters.JUnitReportReporter -->
<testsuite hostname="DESKTOP-DJ4FDME" failures="0" tests="1" name="org.xyz.auto.prj.FetchDataRunTime" time="4.108" errors="0" timestamp="2024-08-02T22:02:43 IST" skipped="0">
  <testcase classname="org.xyz.auto.prj.FetchDataRunTime" name="fetchdata" time="4.108"/>
</testsuite> <!-- org.xyz.auto.prj.FetchDataRunTime -->
